This file contains any messages produced by compilers while
running configure, to aid debugging if configure makes a mistake.

It was created by art C++ configure VIC.03.10.2014, which was
generated by GNU Autoconf 2.69.  Invocation command line was

  $ ./configure 

## --------- ##
## Platform. ##
## --------- ##

hostname = chambal
uname -m = x86_64
uname -r = 3.13.0-24-generic
uname -s = Linux
uname -v = #46-Ubuntu SMP Thu Apr 10 19:11:08 UTC 2014

/usr/bin/uname -p = unknown
/bin/uname -X     = unknown

/bin/arch              = unknown
/usr/bin/arch -k       = unknown
/usr/convex/getsysinfo = unknown
/usr/bin/hostinfo      = unknown
/bin/machine           = unknown
/usr/bin/oslevel       = unknown
/bin/universe          = unknown

PATH: /home/mridul/bin
PATH: /usr/local/sbin
PATH: /usr/local/bin
PATH: /usr/sbin
PATH: /usr/bin
PATH: /sbin
PATH: /bin
PATH: /usr/games
PATH: /usr/local/games


## ----------- ##
## Core tests. ##
## ----------- ##

configure:2296: checking for a BSD-compatible install
configure:2364: result: /usr/bin/install -c
configure:2375: checking whether build environment is sane
configure:2430: result: yes
configure:2581: checking for a thread-safe mkdir -p
configure:2620: result: /bin/mkdir -p
configure:2627: checking for gawk
configure:2657: result: no
configure:2627: checking for mawk
configure:2643: found /usr/bin/mawk
configure:2654: result: mawk
configure:2665: checking whether make sets $(MAKE)
configure:2687: result: yes
configure:2716: checking whether make supports nested variables
configure:2733: result: yes
configure:2875: checking for g++
configure:2891: found /usr/bin/g++
configure:2902: result: g++
configure:2929: checking for C++ compiler version
configure:2938: g++ --version >&5
g++ (Ubuntu 4.8.2-19ubuntu1) 4.8.2
Copyright (C) 2013 Free Software Foundation, Inc.
This is free software; see the source for copying conditions.  There is NO
warranty; not even for MERCHANTABILITY or FITNESS FOR A PARTICULAR PURPOSE.

configure:2949: $? = 0
configure:2938: g++ -v >&5
Using built-in specs.
COLLECT_GCC=g++
COLLECT_LTO_WRAPPER=/usr/lib/gcc/x86_64-linux-gnu/4.8/lto-wrapper
Target: x86_64-linux-gnu
Configured with: ../src/configure -v --with-pkgversion='Ubuntu 4.8.2-19ubuntu1' --with-bugurl=file:///usr/share/doc/gcc-4.8/README.Bugs --enable-languages=c,c++,java,go,d,fortran,objc,obj-c++ --prefix=/usr --program-suffix=-4.8 --enable-shared --enable-linker-build-id --libexecdir=/usr/lib --without-included-gettext --enable-threads=posix --with-gxx-include-dir=/usr/include/c++/4.8 --libdir=/usr/lib --enable-nls --with-sysroot=/ --enable-clocale=gnu --enable-libstdcxx-debug --enable-libstdcxx-time=yes --enable-gnu-unique-object --disable-libmudflap --enable-plugin --with-system-zlib --disable-browser-plugin --enable-java-awt=gtk --enable-gtk-cairo --with-java-home=/usr/lib/jvm/java-1.5.0-gcj-4.8-amd64/jre --enable-java-home --with-jvm-root-dir=/usr/lib/jvm/java-1.5.0-gcj-4.8-amd64 --with-jvm-jar-dir=/usr/lib/jvm-exports/java-1.5.0-gcj-4.8-amd64 --with-arch-directory=amd64 --with-ecj-jar=/usr/share/java/eclipse-ecj.jar --enable-objc-gc --enable-multiarch --disable-werror --with-arch-32=i686 --with-abi=m64 --with-multilib-list=m32,m64,mx32 --with-tune=generic --enable-checking=release --build=x86_64-linux-gnu --host=x86_64-linux-gnu --target=x86_64-linux-gnu
Thread model: posix
gcc version 4.8.2 (Ubuntu 4.8.2-19ubuntu1) 
configure:2949: $? = 0
configure:2938: g++ -V >&5
g++: error: unrecognized command line option '-V'
g++: fatal error: no input files
compilation terminated.
configure:2949: $? = 4
configure:2938: g++ -qversion >&5
g++: error: unrecognized command line option '-qversion'
g++: fatal error: no input files
compilation terminated.
configure:2949: $? = 4
configure:2969: checking whether the C++ compiler works
configure:2991: g++  -I/usr/local/include -L/usr/local/lib conftest.cpp  >&5
configure:2995: $? = 0
configure:3043: result: yes
configure:3046: checking for C++ compiler default output file name
configure:3048: result: a.out
configure:3054: checking for suffix of executables
configure:3061: g++ -o conftest  -I/usr/local/include -L/usr/local/lib conftest.cpp  >&5
configure:3065: $? = 0
configure:3087: result: 
configure:3109: checking whether we are cross compiling
configure:3117: g++ -o conftest  -I/usr/local/include -L/usr/local/lib conftest.cpp  >&5
configure:3121: $? = 0
configure:3128: ./conftest
configure:3132: $? = 0
configure:3147: result: no
configure:3152: checking for suffix of object files
configure:3174: g++ -c  -I/usr/local/include conftest.cpp >&5
configure:3178: $? = 0
configure:3199: result: o
configure:3203: checking whether we are using the GNU C++ compiler
configure:3222: g++ -c  -I/usr/local/include conftest.cpp >&5
configure:3222: $? = 0
configure:3231: result: yes
configure:3240: checking whether g++ accepts -g
configure:3260: g++ -c -g -I/usr/local/include conftest.cpp >&5
configure:3260: $? = 0
configure:3301: result: yes
configure:3335: checking for style of include used by make
configure:3363: result: GNU
configure:3389: checking dependency style of g++
configure:3500: result: gcc3
configure:3563: checking for gcc
configure:3579: found /usr/bin/gcc
configure:3590: result: gcc
configure:3819: checking for C compiler version
configure:3828: gcc --version >&5
gcc (Ubuntu 4.8.2-19ubuntu1) 4.8.2
Copyright (C) 2013 Free Software Foundation, Inc.
This is free software; see the source for copying conditions.  There is NO
warranty; not even for MERCHANTABILITY or FITNESS FOR A PARTICULAR PURPOSE.

configure:3839: $? = 0
configure:3828: gcc -v >&5
Using built-in specs.
COLLECT_GCC=gcc
COLLECT_LTO_WRAPPER=/usr/lib/gcc/x86_64-linux-gnu/4.8/lto-wrapper
Target: x86_64-linux-gnu
Configured with: ../src/configure -v --with-pkgversion='Ubuntu 4.8.2-19ubuntu1' --with-bugurl=file:///usr/share/doc/gcc-4.8/README.Bugs --enable-languages=c,c++,java,go,d,fortran,objc,obj-c++ --prefix=/usr --program-suffix=-4.8 --enable-shared --enable-linker-build-id --libexecdir=/usr/lib --without-included-gettext --enable-threads=posix --with-gxx-include-dir=/usr/include/c++/4.8 --libdir=/usr/lib --enable-nls --with-sysroot=/ --enable-clocale=gnu --enable-libstdcxx-debug --enable-libstdcxx-time=yes --enable-gnu-unique-object --disable-libmudflap --enable-plugin --with-system-zlib --disable-browser-plugin --enable-java-awt=gtk --enable-gtk-cairo --with-java-home=/usr/lib/jvm/java-1.5.0-gcj-4.8-amd64/jre --enable-java-home --with-jvm-root-dir=/usr/lib/jvm/java-1.5.0-gcj-4.8-amd64 --with-jvm-jar-dir=/usr/lib/jvm-exports/java-1.5.0-gcj-4.8-amd64 --with-arch-directory=amd64 --with-ecj-jar=/usr/share/java/eclipse-ecj.jar --enable-objc-gc --enable-multiarch --disable-werror --with-arch-32=i686 --with-abi=m64 --with-multilib-list=m32,m64,mx32 --with-tune=generic --enable-checking=release --build=x86_64-linux-gnu --host=x86_64-linux-gnu --target=x86_64-linux-gnu
Thread model: posix
gcc version 4.8.2 (Ubuntu 4.8.2-19ubuntu1) 
configure:3839: $? = 0
configure:3828: gcc -V >&5
gcc: error: unrecognized command line option '-V'
gcc: fatal error: no input files
compilation terminated.
configure:3839: $? = 4
configure:3828: gcc -qversion >&5
gcc: error: unrecognized command line option '-qversion'
gcc: fatal error: no input files
compilation terminated.
configure:3839: $? = 4
configure:3843: checking whether we are using the GNU C compiler
configure:3862: gcc -c -I/usr/local/include -I/usr/local/include conftest.c >&5
configure:3862: $? = 0
configure:3871: result: yes
configure:3880: checking whether gcc accepts -g
configure:3900: gcc -c -g -I/usr/local/include conftest.c >&5
configure:3900: $? = 0
configure:3941: result: yes
configure:3958: checking for gcc option to accept ISO C89
configure:4021: gcc  -c -I/usr/local/include -I/usr/local/include conftest.c >&5
configure:4021: $? = 0
configure:4034: result: none needed
configure:4056: checking dependency style of gcc
configure:4167: result: gcc3
configure:4190: checking how to run the C preprocessor
configure:4221: gcc -E -I/usr/local/include conftest.c
configure:4221: $? = 0
configure:4235: gcc -E -I/usr/local/include conftest.c
conftest.c:11:28: fatal error: ac_nonexistent.h: No such file or directory
 #include <ac_nonexistent.h>
                            ^
compilation terminated.
configure:4235: $? = 1
configure: failed program was:
| /* confdefs.h */
| #define PACKAGE_NAME "art C++"
| #define PACKAGE_TARNAME "art"
| #define PACKAGE_VERSION "VIC.03.10.2014"
| #define PACKAGE_STRING "art C++ VIC.03.10.2014"
| #define PACKAGE_BUGREPORT "whduke@gmail.com"
| #define PACKAGE_URL "http://http://www.niehs.nih.gov/research/resources/software/biostatistics/art"
| #define PACKAGE "art"
| #define VERSION "VIC.03.10.2014"
| /* end confdefs.h.  */
| #include <ac_nonexistent.h>
configure:4260: result: gcc -E
configure:4280: gcc -E -I/usr/local/include conftest.c
configure:4280: $? = 0
configure:4294: gcc -E -I/usr/local/include conftest.c
conftest.c:11:28: fatal error: ac_nonexistent.h: No such file or directory
 #include <ac_nonexistent.h>
                            ^
compilation terminated.
configure:4294: $? = 1
configure: failed program was:
| /* confdefs.h */
| #define PACKAGE_NAME "art C++"
| #define PACKAGE_TARNAME "art"
| #define PACKAGE_VERSION "VIC.03.10.2014"
| #define PACKAGE_STRING "art C++ VIC.03.10.2014"
| #define PACKAGE_BUGREPORT "whduke@gmail.com"
| #define PACKAGE_URL "http://http://www.niehs.nih.gov/research/resources/software/biostatistics/art"
| #define PACKAGE "art"
| #define VERSION "VIC.03.10.2014"
| /* end confdefs.h.  */
| #include <ac_nonexistent.h>
configure:4323: checking for grep that handles long lines and -e
configure:4381: result: /bin/grep
configure:4386: checking for egrep
configure:4448: result: /bin/grep -E
configure:4453: checking for ANSI C header files
configure:4473: gcc -c -I/usr/local/include -I/usr/local/include conftest.c >&5
configure:4473: $? = 0
configure:4546: gcc -o conftest -I/usr/local/include -I/usr/local/include -L/usr/local/lib conftest.c  >&5
configure:4546: $? = 0
configure:4546: ./conftest
configure:4546: $? = 0
configure:4557: result: yes
configure:4570: checking for sys/types.h
configure:4570: gcc -c -I/usr/local/include -I/usr/local/include conftest.c >&5
configure:4570: $? = 0
configure:4570: result: yes
configure:4570: checking for sys/stat.h
configure:4570: gcc -c -I/usr/local/include -I/usr/local/include conftest.c >&5
configure:4570: $? = 0
configure:4570: result: yes
configure:4570: checking for stdlib.h
configure:4570: gcc -c -I/usr/local/include -I/usr/local/include conftest.c >&5
configure:4570: $? = 0
configure:4570: result: yes
configure:4570: checking for string.h
configure:4570: gcc -c -I/usr/local/include -I/usr/local/include conftest.c >&5
configure:4570: $? = 0
configure:4570: result: yes
configure:4570: checking for memory.h
configure:4570: gcc -c -I/usr/local/include -I/usr/local/include conftest.c >&5
configure:4570: $? = 0
configure:4570: result: yes
configure:4570: checking for strings.h
configure:4570: gcc -c -I/usr/local/include -I/usr/local/include conftest.c >&5
configure:4570: $? = 0
configure:4570: result: yes
configure:4570: checking for inttypes.h
configure:4570: gcc -c -I/usr/local/include -I/usr/local/include conftest.c >&5
configure:4570: $? = 0
configure:4570: result: yes
configure:4570: checking for stdint.h
configure:4570: gcc -c -I/usr/local/include -I/usr/local/include conftest.c >&5
configure:4570: $? = 0
configure:4570: result: yes
configure:4570: checking for unistd.h
configure:4570: gcc -c -I/usr/local/include -I/usr/local/include conftest.c >&5
configure:4570: $? = 0
configure:4570: result: yes
configure:4584: checking for stdlib.h
configure:4584: result: yes
configure:4594: checking for main in -lm
configure:4613: gcc -o conftest -I/usr/local/include -I/usr/local/include -L/usr/local/lib conftest.c -lm   >&5
configure:4613: $? = 0
configure:4622: result: yes
configure:4633: checking for main in -lgslcblas
configure:4652: gcc -o conftest -I/usr/local/include -I/usr/local/include -L/usr/local/lib conftest.c -lgslcblas  -lm  >&5
configure:4652: $? = 0
configure:4661: result: yes
configure:4674: checking for main in -lgsl
configure:4693: gcc -o conftest -I/usr/local/include -I/usr/local/include -L/usr/local/lib conftest.c -lgsl  -lgslcblas -lm  >&5
configure:4693: $? = 0
configure:4702: result: yes
configure:4715: checking whether make sets $(MAKE)
configure:4737: result: yes
configure:4748: checking for stdbool.h that conforms to C99
configure:4815: gcc -c -I/usr/local/include -I/usr/local/include conftest.c >&5
configure:4815: $? = 0
configure:4822: result: yes
configure:4824: checking for _Bool
configure:4824: gcc -c -I/usr/local/include -I/usr/local/include conftest.c >&5
configure:4824: $? = 0
configure:4824: gcc -c -I/usr/local/include -I/usr/local/include conftest.c >&5
conftest.c: In function 'main':
conftest.c:61:20: error: expected expression before ')' token
 if (sizeof ((_Bool)))
                    ^
configure:4824: $? = 1
configure: failed program was:
| /* confdefs.h */
| #define PACKAGE_NAME "art C++"
| #define PACKAGE_TARNAME "art"
| #define PACKAGE_VERSION "VIC.03.10.2014"
| #define PACKAGE_STRING "art C++ VIC.03.10.2014"
| #define PACKAGE_BUGREPORT "whduke@gmail.com"
| #define PACKAGE_URL "http://http://www.niehs.nih.gov/research/resources/software/biostatistics/art"
| #define PACKAGE "art"
| #define VERSION "VIC.03.10.2014"
| #define STDC_HEADERS 1
| #define HAVE_SYS_TYPES_H 1
| #define HAVE_SYS_STAT_H 1
| #define HAVE_STDLIB_H 1
| #define HAVE_STRING_H 1
| #define HAVE_MEMORY_H 1
| #define HAVE_STRINGS_H 1
| #define HAVE_INTTYPES_H 1
| #define HAVE_STDINT_H 1
| #define HAVE_UNISTD_H 1
| #define HAVE_STDLIB_H 1
| #define HAVE_LIBM 1
| #define HAVE_LIBGSLCBLAS 1
| #define HAVE_LIBGSL 1
| /* end confdefs.h.  */
| #include <stdio.h>
| #ifdef HAVE_SYS_TYPES_H
| # include <sys/types.h>
| #endif
| #ifdef HAVE_SYS_STAT_H
| # include <sys/stat.h>
| #endif
| #ifdef STDC_HEADERS
| # include <stdlib.h>
| # include <stddef.h>
| #else
| # ifdef HAVE_STDLIB_H
| #  include <stdlib.h>
| # endif
| #endif
| #ifdef HAVE_STRING_H
| # if !defined STDC_HEADERS && defined HAVE_MEMORY_H
| #  include <memory.h>
| # endif
| # include <string.h>
| #endif
| #ifdef HAVE_STRINGS_H
| # include <strings.h>
| #endif
| #ifdef HAVE_INTTYPES_H
| # include <inttypes.h>
| #endif
| #ifdef HAVE_STDINT_H
| # include <stdint.h>
| #endif
| #ifdef HAVE_UNISTD_H
| # include <unistd.h>
| #endif
| int
| main ()
| {
| if (sizeof ((_Bool)))
| 	    return 0;
|   ;
|   return 0;
| }
configure:4824: result: yes
configure:4835: checking for inline
configure:4851: gcc -c -I/usr/local/include -I/usr/local/include conftest.c >&5
configure:4851: $? = 0
configure:4859: result: inline
configure:4877: checking for size_t
configure:4877: gcc -c -I/usr/local/include -I/usr/local/include conftest.c >&5
configure:4877: $? = 0
configure:4877: gcc -c -I/usr/local/include -I/usr/local/include conftest.c >&5
conftest.c: In function 'main':
conftest.c:62:21: error: expected expression before ')' token
 if (sizeof ((size_t)))
                     ^
configure:4877: $? = 1
configure: failed program was:
| /* confdefs.h */
| #define PACKAGE_NAME "art C++"
| #define PACKAGE_TARNAME "art"
| #define PACKAGE_VERSION "VIC.03.10.2014"
| #define PACKAGE_STRING "art C++ VIC.03.10.2014"
| #define PACKAGE_BUGREPORT "whduke@gmail.com"
| #define PACKAGE_URL "http://http://www.niehs.nih.gov/research/resources/software/biostatistics/art"
| #define PACKAGE "art"
| #define VERSION "VIC.03.10.2014"
| #define STDC_HEADERS 1
| #define HAVE_SYS_TYPES_H 1
| #define HAVE_SYS_STAT_H 1
| #define HAVE_STDLIB_H 1
| #define HAVE_STRING_H 1
| #define HAVE_MEMORY_H 1
| #define HAVE_STRINGS_H 1
| #define HAVE_INTTYPES_H 1
| #define HAVE_STDINT_H 1
| #define HAVE_UNISTD_H 1
| #define HAVE_STDLIB_H 1
| #define HAVE_LIBM 1
| #define HAVE_LIBGSLCBLAS 1
| #define HAVE_LIBGSL 1
| #define HAVE__BOOL 1
| /* end confdefs.h.  */
| #include <stdio.h>
| #ifdef HAVE_SYS_TYPES_H
| # include <sys/types.h>
| #endif
| #ifdef HAVE_SYS_STAT_H
| # include <sys/stat.h>
| #endif
| #ifdef STDC_HEADERS
| # include <stdlib.h>
| # include <stddef.h>
| #else
| # ifdef HAVE_STDLIB_H
| #  include <stdlib.h>
| # endif
| #endif
| #ifdef HAVE_STRING_H
| # if !defined STDC_HEADERS && defined HAVE_MEMORY_H
| #  include <memory.h>
| # endif
| # include <string.h>
| #endif
| #ifdef HAVE_STRINGS_H
| # include <strings.h>
| #endif
| #ifdef HAVE_INTTYPES_H
| # include <inttypes.h>
| #endif
| #ifdef HAVE_STDINT_H
| # include <stdint.h>
| #endif
| #ifdef HAVE_UNISTD_H
| # include <unistd.h>
| #endif
| int
| main ()
| {
| if (sizeof ((size_t)))
| 	    return 0;
|   ;
|   return 0;
| }
configure:4877: result: yes
configure:4893: checking for floor
configure:4893: gcc -o conftest -I/usr/local/include -I/usr/local/include -L/usr/local/lib conftest.c -lgsl -lgslcblas -lm  >&5
conftest.c:49:6: warning: conflicting types for built-in function 'floor' [enabled by default]
 char floor ();
      ^
configure:4893: $? = 0
configure:4893: result: yes
configure:4893: checking for pow
configure:4893: gcc -o conftest -I/usr/local/include -I/usr/local/include -L/usr/local/lib conftest.c -lgsl -lgslcblas -lm  >&5
conftest.c:50:6: warning: conflicting types for built-in function 'pow' [enabled by default]
 char pow ();
      ^
configure:4893: $? = 0
configure:4893: result: yes
configure:5013: checking that generated files are newer than configure
configure:5019: result: done
configure:5046: creating ./config.status

## ---------------------- ##
## Running config.status. ##
## ---------------------- ##

This file was extended by art C++ config.status VIC.03.10.2014, which was
generated by GNU Autoconf 2.69.  Invocation command line was

  CONFIG_FILES    = 
  CONFIG_HEADERS  = 
  CONFIG_LINKS    = 
  CONFIG_COMMANDS = 
  $ ./config.status 

on chambal

config.status:866: creating Makefile
config.status:866: creating config.h
config.status:1047: config.h is unchanged
config.status:1095: executing depfiles commands

## ---------------- ##
## Cache variables. ##
## ---------------- ##

ac_cv_c_compiler_gnu=yes
ac_cv_c_inline=inline
ac_cv_cxx_compiler_gnu=yes
ac_cv_env_CCC_set=
ac_cv_env_CCC_value=
ac_cv_env_CC_set=
ac_cv_env_CC_value=
ac_cv_env_CFLAGS_set=set
ac_cv_env_CFLAGS_value=-I/usr/local/include
ac_cv_env_CPPFLAGS_set=set
ac_cv_env_CPPFLAGS_value=-I/usr/local/include
ac_cv_env_CPP_set=
ac_cv_env_CPP_value=
ac_cv_env_CXXFLAGS_set=
ac_cv_env_CXXFLAGS_value=
ac_cv_env_CXX_set=
ac_cv_env_CXX_value=
ac_cv_env_LDFLAGS_set=set
ac_cv_env_LDFLAGS_value=-L/usr/local/lib
ac_cv_env_LIBS_set=
ac_cv_env_LIBS_value=
ac_cv_env_build_alias_set=
ac_cv_env_build_alias_value=
ac_cv_env_host_alias_set=
ac_cv_env_host_alias_value=
ac_cv_env_target_alias_set=
ac_cv_env_target_alias_value=
ac_cv_func_floor=yes
ac_cv_func_pow=yes
ac_cv_header_inttypes_h=yes
ac_cv_header_memory_h=yes
ac_cv_header_stdbool_h=yes
ac_cv_header_stdc=yes
ac_cv_header_stdint_h=yes
ac_cv_header_stdlib_h=yes
ac_cv_header_string_h=yes
ac_cv_header_strings_h=yes
ac_cv_header_sys_stat_h=yes
ac_cv_header_sys_types_h=yes
ac_cv_header_unistd_h=yes
ac_cv_lib_gsl_main=yes
ac_cv_lib_gslcblas_main=yes
ac_cv_lib_m_main=yes
ac_cv_objext=o
ac_cv_path_EGREP='/bin/grep -E'
ac_cv_path_GREP=/bin/grep
ac_cv_path_install='/usr/bin/install -c'
ac_cv_path_mkdir=/bin/mkdir
ac_cv_prog_AWK=mawk
ac_cv_prog_CPP='gcc -E'
ac_cv_prog_ac_ct_CC=gcc
ac_cv_prog_ac_ct_CXX=g++
ac_cv_prog_cc_c89=
ac_cv_prog_cc_g=yes
ac_cv_prog_cxx_g=yes
ac_cv_prog_make_make_set=yes
ac_cv_type__Bool=yes
ac_cv_type_size_t=yes
am_cv_CC_dependencies_compiler_type=gcc3
am_cv_CXX_dependencies_compiler_type=gcc3
am_cv_make_support_nested_variables=yes

## ----------------- ##
## Output variables. ##
## ----------------- ##

ACLOCAL='${SHELL} /home/mridul/Desktop/genomeseq/emulate/art_src_VanillaIceCream_Linux/missing aclocal-1.13'
AMDEPBACKSLASH='\'
AMDEP_FALSE='#'
AMDEP_TRUE=''
AMTAR='$${TAR-tar}'
AM_BACKSLASH='\'
AM_DEFAULT_V='$(AM_DEFAULT_VERBOSITY)'
AM_DEFAULT_VERBOSITY='1'
AM_V='$(V)'
AUTOCONF='${SHELL} /home/mridul/Desktop/genomeseq/emulate/art_src_VanillaIceCream_Linux/missing autoconf'
AUTOHEADER='${SHELL} /home/mridul/Desktop/genomeseq/emulate/art_src_VanillaIceCream_Linux/missing autoheader'
AUTOMAKE='${SHELL} /home/mridul/Desktop/genomeseq/emulate/art_src_VanillaIceCream_Linux/missing automake-1.13'
AWK='mawk'
CC='gcc'
CCDEPMODE='depmode=gcc3'
CFLAGS='-I/usr/local/include'
CPP='gcc -E'
CPPFLAGS='-I/usr/local/include'
CXX='g++'
CXXDEPMODE='depmode=gcc3'
CXXFLAGS='-g -O2'
CYGPATH_W='echo'
DEFS='-DHAVE_CONFIG_H'
DEPDIR='.deps'
ECHO_C=''
ECHO_N='-n'
ECHO_T=''
EGREP='/bin/grep -E'
EXEEXT=''
GREP='/bin/grep'
INSTALL_DATA='${INSTALL} -m 644'
INSTALL_PROGRAM='${INSTALL}'
INSTALL_SCRIPT='${INSTALL}'
INSTALL_STRIP_PROGRAM='$(install_sh) -c -s'
LDFLAGS='-L/usr/local/lib'
LIBOBJS=''
LIBS='-lgsl -lgslcblas -lm '
LTLIBOBJS=''
MAKEINFO='${SHELL} /home/mridul/Desktop/genomeseq/emulate/art_src_VanillaIceCream_Linux/missing makeinfo'
MKDIR_P='/bin/mkdir -p'
OBJEXT='o'
PACKAGE='art'
PACKAGE_BUGREPORT='whduke@gmail.com'
PACKAGE_NAME='art C++'
PACKAGE_STRING='art C++ VIC.03.10.2014'
PACKAGE_TARNAME='art'
PACKAGE_URL='http://http://www.niehs.nih.gov/research/resources/software/biostatistics/art'
PACKAGE_VERSION='VIC.03.10.2014'
PATH_SEPARATOR=':'
SET_MAKE=''
SHELL='/bin/bash'
STRIP=''
VERSION='VIC.03.10.2014'
ac_ct_CC='gcc'
ac_ct_CXX='g++'
am__EXEEXT_FALSE=''
am__EXEEXT_TRUE='#'
am__fastdepCC_FALSE='#'
am__fastdepCC_TRUE=''
am__fastdepCXX_FALSE='#'
am__fastdepCXX_TRUE=''
am__include='include'
am__isrc=''
am__leading_dot='.'
am__nodep='_no'
am__quote=''
am__tar='$${TAR-tar} chof - "$$tardir"'
am__untar='$${TAR-tar} xf -'
bindir='${exec_prefix}/bin'
build_alias=''
datadir='${datarootdir}'
datarootdir='${prefix}/share'
docdir='${datarootdir}/doc/${PACKAGE_TARNAME}'
dvidir='${docdir}'
exec_prefix='${prefix}'
host_alias=''
htmldir='${docdir}'
includedir='${prefix}/include'
infodir='${datarootdir}/info'
install_sh='${SHELL} /home/mridul/Desktop/genomeseq/emulate/art_src_VanillaIceCream_Linux/install-sh'
libdir='${exec_prefix}/lib'
libexecdir='${exec_prefix}/libexec'
localedir='${datarootdir}/locale'
localstatedir='${prefix}/var'
mandir='${datarootdir}/man'
mkdir_p='$(MKDIR_P)'
oldincludedir='/usr/include'
pdfdir='${docdir}'
prefix='/usr/local'
program_transform_name='s,x,x,'
psdir='${docdir}'
sbindir='${exec_prefix}/sbin'
sharedstatedir='${prefix}/com'
sysconfdir='${prefix}/etc'
target_alias=''

## ----------- ##
## confdefs.h. ##
## ----------- ##

/* confdefs.h */
#define PACKAGE_NAME "art C++"
#define PACKAGE_TARNAME "art"
#define PACKAGE_VERSION "VIC.03.10.2014"
#define PACKAGE_STRING "art C++ VIC.03.10.2014"
#define PACKAGE_BUGREPORT "whduke@gmail.com"
#define PACKAGE_URL "http://http://www.niehs.nih.gov/research/resources/software/biostatistics/art"
#define PACKAGE "art"
#define VERSION "VIC.03.10.2014"
#define STDC_HEADERS 1
#define HAVE_SYS_TYPES_H 1
#define HAVE_SYS_STAT_H 1
#define HAVE_STDLIB_H 1
#define HAVE_STRING_H 1
#define HAVE_MEMORY_H 1
#define HAVE_STRINGS_H 1
#define HAVE_INTTYPES_H 1
#define HAVE_STDINT_H 1
#define HAVE_UNISTD_H 1
#define HAVE_STDLIB_H 1
#define HAVE_LIBM 1
#define HAVE_LIBGSLCBLAS 1
#define HAVE_LIBGSL 1
#define HAVE__BOOL 1
#define HAVE_FLOOR 1
#define HAVE_POW 1

configure: exit 0
